     1                                  bits 32 
     2                                  global start        
     3                                  extern exit               
     4                                  import exit msvcrt.dll    
     5                                                            
     6                                  segment data use32 class=data
     7 00000000 616E6120617265206D-         a DB 'ana are mere'
     7 00000009 657265             
     8                                      lena EQU $-a    
     9 0000000C 6165696F754145494F-         voc DB 'aeiouAEIOU'
     9 00000015 55                 
    10                                      lenv EQU $-voc
    11                                  
    12                                  segment code use32 class=code
    13                                      start:
    14 00000000 BE[00000000]                    MOV ESI, a
    15 00000005 BF[0C000000]                    MOV EDI, voc
    16 0000000A FC                              CLD
    17 0000000B B90C000000                      MOV ECX, lena
    18                                          
    19 00000010 E315                            JECXZ end_prog
    20                                          loop1:
    21 00000012 AC                                  LODSB           ; AL = [ESI] // AL = a[i]
    22 00000013 51                                  PUSH ECX        ; Save ECX on the stack
    23 00000014 B90A000000                          MOV ECX, lenv
    24                                              
    25                                              loop2:
    26 00000019 AE                                      SCASB       ; CMP AL, [EDI]
    27                                                              ; INC EDI
    28                                                              ; Set flags
    29 0000001A 7501                                    JNE skip1   ; Skip if vocala was not found
    30 0000001C 43                                      INC EBX     ; Found vocala 
    31                                                  skip1:
    32 0000001D E2FA                                LOOP loop2
    33                                              
    34 0000001F 59                                  POP ECX
    35 00000020 BF[0C000000]                        MOV EDI, voc
    36 00000025 E2EB                            LOOP loop1    
    37                                          end_prog:
    38                                          
    39 00000027 6A00                            push    dword 0      
    40 00000029 FF15[00000000]                  call    [exit]       
