     1                                  ; f(a,b) -> a+b
     2                                  
     3                                  bits 32 
     4                                  global start        
     5                                  extern exit               
     6                                  extern printf
     7                                  import exit msvcrt.dll    
     8                                  import printf msvcrt.dll
     9                                                            
    10                                  segment data use32 class=data
    11 00000000 14000000                    a DD 20
    12 00000004 0C000000                    b DD 12
    13 00000008 6D795F66756E632861-         s_format DB "my_func(a,b) = %d  // Sum", 0
    13 00000011 2C6229203D20256420-
    13 0000001A 202F2F2053756D00   
    14                                  
    15                                  
    16                                  segment code use32 class=code
    17                                      my_func:
    18                                          ; ! Daca la exam sunt functii si nu folosim stack-frame se scade !
    19                                          ; Create a stack frame: save the old EBP to the top of the stack (with ESP & EBP  pointing at it)
    20 00000000 55                              PUSH EBP
    21 00000001 89E5                            MOV EBP, ESP
    22                                          
    23                                          ;       old_ebp     <- ESP, EBP
    24                                          ;   +4  ret_addr
    25                                          ;   +8  a
    26                                          ;   +12 b
    27                                          
    28                                          ; EAX = a
    29 00000003 8B4508                          MOV EAX, [EBP + 8]
    30 00000006 03450C                          ADD EAX, [EBP + 12]
    31                                          
    32                                          ; Restore the original stack
    33 00000009 5D                              POP EBP
    34 0000000A C3                              RET
    35                                          
    36                                      start:
    37 0000000B FF35[04000000]                  push dword [b]
    38 00000011 FF35[00000000]                  push dword [a]
    39 00000017 E8E4FFFFFF                      call my_func
    40 0000001C 83C408                          ADD ESP, 4*2
    41                                          
    42                                          ; printf(format, EAX)
    43 0000001F 50                              PUSH EAX
    44 00000020 68[08000000]                    PUSH s_format
    45 00000025 FF15[00000000]                  CALL [printf]
    46 0000002B 83C408                          ADD ESP, 4*2
    47                                          
    48 0000002E 6A00                            push    dword 0      
    49 00000030 FF15[00000000]                  call    [exit]       
